2018-05-28 20:05:18,187 - BrowserEngine - INFO - You had select Chrome browser.
2018-05-28 20:05:18,187 - BrowserEngine - INFO - The test server url is: https://www.baidu.com
2018-05-28 20:05:23,037 - BrowserEngine - INFO - Starting Chrome browser.
2018-05-28 20:05:23,654 - BrowserEngine - INFO - Open url: https://www.baidu.com
2018-05-28 20:05:24,842 - BrowserEngine - INFO - Maximize the current window.
2018-05-28 20:05:24,842 - BrowserEngine - INFO - Set implicitly wait 10 seconds.
2018-05-28 20:05:25,055 - BasePage - INFO - Had type ' selenium ' in inputBox
2018-05-28 20:05:25,086 - BasePage - INFO - Had find the element '  ' successful by xpath via value: //*[@id='su'] 
2018-05-28 20:05:25,165 - BasePage - INFO - The element '  ' was clicked.
2018-05-28 20:05:27,544 - BasePage - INFO - Had take screenshot and save to folder : /screenshots
2018-05-28 20:05:27,651 - BasePage - INFO - Had type ' python ' in inputBox
2018-05-28 20:05:27,670 - BasePage - INFO - Had find the element '  ' successful by xpath via value: //*[@id='su'] 
2018-05-28 20:05:27,734 - BasePage - INFO - The element '  ' was clicked.
2018-05-28 20:05:30,052 - BasePage - INFO - Had take screenshot and save to folder : /screenshots
2018-05-28 20:05:33,203 - BrowserEngine - INFO - You had select Chrome browser.
2018-05-28 20:05:33,203 - BrowserEngine - INFO - The test server url is: https://www.baidu.com
2018-05-28 20:05:38,125 - BrowserEngine - INFO - Starting Chrome browser.
2018-05-28 20:05:38,756 - BrowserEngine - INFO - Open url: https://www.baidu.com
2018-05-28 20:05:39,961 - BrowserEngine - INFO - Maximize the current window.
2018-05-28 20:05:39,961 - BrowserEngine - INFO - Set implicitly wait 10 seconds.
2018-05-28 20:05:39,976 - BasePage - INFO - Current page title is 百度一下，你就知道
